<?xml version="1.0" encoding="UTF-8"?>
<!-- Generated by org.testng.reporters.JUnitReportReporter -->
<testsuite hostname="DESKTOP-715ID5O" failures="0" tests="2" name="testng_practice_17_12_23.TestClass1" time="0.018" errors="0" timestamp="2023-12-17T14:52:33 IST" skipped="0">
  <testcase classname="testng_practice_17_12_23.TestClass1" name="TestCaseMethod1" time="0.014"/>
  <system-out/>
  <testcase classname="testng_practice_17_12_23.TestClass1" name="TestCaseMethod12" time="0.004"/>
  <system-out/>
</testsuite> <!-- testng_practice_17_12_23.TestClass1 -->
