<?xml version="1.0" encoding="UTF-8"?>
<!-- Generated by org.testng.reporters.JUnitReportReporter -->
<testsuite hostname="DESKTOP-715ID5O" failures="0" tests="2" name="beforeclass_demo.TestClass1" time="6.667" errors="0" timestamp="2023-12-17T15:10:24 IST" skipped="0">
  <testcase classname="beforeclass_demo.TestClass1" name="TC_launch_facebook_page" time="1.247"/>
  <system-out/>
  <testcase classname="beforeclass_demo.TestClass1" name="TC_launch_google_page" time="5.420"/>
  <system-out/>
</testsuite> <!-- beforeclass_demo.TestClass1 -->
